WETH_256
USDT_256
DAI_256
USDC_256
TUSD_256
HETH_256
HBTC_256
MDX_256
HUSD_128
WHT_128
Heco-Peg ETH Token_128
Heco-Peg HBTC Token_128
Heco-Peg HDOT Token_128
Heco-Peg HLTC Token_128
Heco-Peg HBCH Token_128
Heco-Peg HXTZ Token_128
Heco-Peg HFIL Token_128
Heco-Peg HBSV Token_128
BAG_128
BAGS_128
NVT_128
FILDA_128
LYFI_128
FC_128
FCS_128
NULS_128
Heco-Peg HPT Token_128
HTC_128
HTS_128
BLC_128
BLS_128
LHB_128
Heco-Peg USDTHECO Token_128
MDX_128
BXC_128
BXS_128
ELA_128
SH_128
HIC_128
HIS_128
GTL_128
ITF_128
ARK_128
WHT_128
HUSD_128
Heco-Peg ETH Token_128
Heco-Peg HBTC Token_128
HINT_128
SFI_128
SFX_128
